<?xml version="1.0" encoding="UTF-8"?>
<!-- Generated by org.testng.reporters.JUnitXMLReporter -->
<testsuite ignored="0" hostname="Windows-PC" failures="3" tests="36" name="Test" time="182.62" errors="0" timestamp="2022-12-17T16:06:24 IST">
  <testcase classname="BaseClass.BaseClassSetup" name="@BeforeMethod setup" time="40.136">
    <failure type="org.openqa.selenium.remote.UnreachableBrowserException" message="Error communicating with the remote browser. It may have died.
Build info: version: &amp;apos;4.4.0&amp;apos;, revision: &amp;apos;e5c75ed026a&amp;apos;
System info: host: &amp;apos;WINDOWS-PC&amp;apos;, ip: &amp;apos;169.254.135.193&amp;apos;, os.name: &amp;apos;Windows 7&amp;apos;, os.arch: &amp;apos;x86&amp;apos;, os.version: &amp;apos;6.1&amp;apos;, java.version: &amp;apos;18.0.2&amp;apos;
Driver info: org.openqa.selenium.chrome.ChromeDriver
Command: [a0dd02cb9df6ba4174b91e005a39c195, get {url=https://amazon.in}]
Capabilities {acceptInsecureCerts: false, browserName: chrome, browserVersion: 108.0.5359.124, chrome: {chromedriverVersion: 108.0.5359.71 (1e0e3868ee06..., userDataDir: C:\Users\MAINUD~1\AppData\L...}, goog:chromeOptions: {debuggerAddress: localhost:59946}, networkConnectionEnabled: false, pageLoadStrategy: normal, platformName: WINDOWS, proxy: Proxy(), se:cdp: ws://localhost:59946/devtoo..., se:cdpVersion: 108.0.5359.124, setWindowRect: true, strictFileInteractability: false, timeouts: {implicit: 0, pageLoad: 300000, script: 30000}, unhandledPromptBehavior: dismiss and notify, webauthn:extension:credBlob: true, webauthn:extension:largeBlob: true, webauthn:virtualAuthenticators: true}
Session ID: a0dd02cb9df6ba4174b91e005a39c195">
      <![CDATA[org.openqa.selenium.remote.UnreachableBrowserException: Error communicating with the remote browser. It may have died.
Build info: version: '4.4.0', revision: 'e5c75ed026a'
System info: host: 'WINDOWS-PC', ip: '169.254.135.193', os.name: 'Windows 7', os.arch: 'x86', os.version: '6.1', java.version: '18.0.2'
Driver info: org.openqa.selenium.chrome.ChromeDriver
Command: [a0dd02cb9df6ba4174b91e005a39c195, get {url=https://amazon.in}]
Capabilities {acceptInsecureCerts: false, browserName: chrome, browserVersion: 108.0.5359.124, chrome: {chromedriverVersion: 108.0.5359.71 (1e0e3868ee06..., userDataDir: C:\Users\MAINUD~1\AppData\L...}, goog:chromeOptions: {debuggerAddress: localhost:59946}, networkConnectionEnabled: false, pageLoadStrategy: normal, platformName: WINDOWS, proxy: Proxy(), se:cdp: ws://localhost:59946/devtoo..., se:cdpVersion: 108.0.5359.124, setWindowRect: true, strictFileInteractability: false, timeouts: {implicit: 0, pageLoad: 300000, script: 30000}, unhandledPromptBehavior: dismiss and notify, webauthn:extension:credBlob: true, webauthn:extension:largeBlob: true, webauthn:virtualAuthenticators: true}
Session ID: a0dd02cb9df6ba4174b91e005a39c195
at org.openqa.selenium.remote.RemoteWebDriver.execute(RemoteWebDriver.java:571)
at org.openqa.selenium.remote.RemoteWebDriver.get(RemoteWebDriver.java:310)
at BaseClass.BaseClassSetup.setup(BaseClassSetup.java:30)
at java.base/java.util.ArrayList.forEach(ArrayList.java:1511)
Caused by: java.io.UncheckedIOException: java.net.SocketException: Connection reset
at org.openqa.selenium.remote.http.netty.NettyHttpHandler.makeCall(NettyHttpHandler.java:73)
at org.openqa.selenium.remote.http.AddSeleniumUserAgent.lambda$apply$0(AddSeleniumUserAgent.java:42)
at org.openqa.selenium.remote.http.Filter.lambda$andFinally$1(Filter.java:56)
at org.openqa.selenium.remote.http.netty.NettyHttpHandler.execute(NettyHttpHandler.java:49)
at org.openqa.selenium.remote.http.AddSeleniumUserAgent.lambda$apply$0(AddSeleniumUserAgent.java:42)
at org.openqa.selenium.remote.http.Filter.lambda$andFinally$1(Filter.java:56)
at org.openqa.selenium.remote.http.netty.NettyClient.execute(NettyClient.java:98)
at org.openqa.selenium.remote.HttpCommandExecutor.execute(HttpCommandExecutor.java:181)
at org.openqa.selenium.remote.service.DriverCommandExecutor.invokeExecute(DriverCommandExecutor.java:167)
at org.openqa.selenium.remote.service.DriverCommandExecutor.execute(DriverCommandExecutor.java:142)
at org.openqa.selenium.remote.RemoteWebDriver.execute(RemoteWebDriver.java:547)
... 32 more
Caused by: java.net.SocketException: Connection reset
at java.base/sun.nio.ch.SocketChannelImpl.throwConnectionReset(SocketChannelImpl.java:394)
at java.base/sun.nio.ch.SocketChannelImpl.read(SocketChannelImpl.java:426)
at io.netty.buffer.PooledByteBuf.setBytes(PooledByteBuf.java:258)
at io.netty.buffer.AbstractByteBuf.writeBytes(AbstractByteBuf.java:1132)
at io.netty.channel.socket.nio.NioSocketChannel.doReadBytes(NioSocketChannel.java:357)
at io.netty.channel.nio.AbstractNioByteChannel$NioByteUnsafe.read(AbstractNioByteChannel.java:151)
at io.netty.channel.nio.NioEventLoop.processSelectedKey(NioEventLoop.java:722)
at io.netty.channel.nio.NioEventLoop.processSelectedKeysOptimized(NioEventLoop.java:658)
at io.netty.channel.nio.NioEventLoop.processSelectedKeys(NioEventLoop.java:584)
at io.netty.channel.nio.NioEventLoop.run(NioEventLoop.java:496)
at io.netty.util.concurrent.SingleThreadEventExecutor$4.run(SingleThreadEventExecutor.java:997)
at io.netty.util.internal.ThreadExecutorMap$2.run(ThreadExecutorMap.java:74)
at io.netty.util.concurrent.FastThreadLocalRunnable.run(FastThreadLocalRunnable.java:30)
at java.base/java.lang.Thread.run(Thread.java:833)
... Removed 29 stack frames]]>
    </failure>
  </testcase> <!-- @BeforeMethod setup -->
  <testcase classname="BaseClass.BaseClassSetup" name="@AfterMethod tearup" time="-1.671273383767E9">
    <skipped/>
  </testcase> <!-- @AfterMethod tearup -->
  <testcase classname="BaseClass.BaseClassSetup" name="@BeforeMethod setup" time="-1.671273383771E9">
    <skipped/>
  </testcase> <!-- @BeforeMethod setup -->
  <testcase classname="BaseClass.BaseClassSetup" name="@AfterMethod tearup" time="-1.671273383789E9">
    <skipped/>
  </testcase> <!-- @AfterMethod tearup -->
  <testcase classname="BaseClass.BaseClassSetup" name="@BeforeMethod setup" time="-1.671273383793E9">
    <skipped/>
  </testcase> <!-- @BeforeMethod setup -->
  <testcase classname="BaseClass.BaseClassSetup" name="@AfterMethod tearup" time="-1.671273383812E9">
    <skipped/>
  </testcase> <!-- @AfterMethod tearup -->
  <testcase classname="BaseClass.BaseClassSetup" name="@BeforeMethod setup" time="-1.671273383816E9">
    <skipped/>
  </testcase> <!-- @BeforeMethod setup -->
  <testcase classname="BaseClass.BaseClassSetup" name="@AfterMethod tearup" time="-1.671273383835E9">
    <skipped/>
  </testcase> <!-- @AfterMethod tearup -->
  <testcase classname="BaseClass.BaseClassSetup" name="@BeforeMethod setup" time="-1.671273383839E9">
    <skipped/>
  </testcase> <!-- @BeforeMethod setup -->
  <testcase classname="BaseClass.BaseClassSetup" name="@AfterMethod tearup" time="-1.671273383858E9">
    <skipped/>
  </testcase> <!-- @AfterMethod tearup -->
  <testcase classname="BaseClass.BaseClassSetup" name="@BeforeMethod setup" time="-1.671273383862E9">
    <skipped/>
  </testcase> <!-- @BeforeMethod setup -->
  <testcase classname="BaseClass.BaseClassSetup" name="@AfterMethod tearup" time="-1.67127338388E9">
    <skipped/>
  </testcase> <!-- @AfterMethod tearup -->
  <testcase classname="BaseClass.BaseClassSetup" name="@BeforeMethod setup" time="-1.671273383884E9">
    <skipped/>
  </testcase> <!-- @BeforeMethod setup -->
  <testcase classname="BaseClass.BaseClassSetup" name="@AfterMethod tearup" time="-1.6712733839E9">
    <skipped/>
  </testcase> <!-- @AfterMethod tearup -->
  <testcase classname="BaseClass.BaseClassSetup" name="@BeforeMethod setup" time="-1.671273383903E9">
    <skipped/>
  </testcase> <!-- @BeforeMethod setup -->
  <testcase classname="BaseClass.BaseClassSetup" name="@AfterMethod tearup" time="-1.671273383918E9">
    <skipped/>
  </testcase> <!-- @AfterMethod tearup -->
  <testcase classname="BaseClass.BaseClassSetup" name="@BeforeMethod setup" time="-1.671273383922E9">
    <skipped/>
  </testcase> <!-- @BeforeMethod setup -->
  <testcase classname="BaseClass.BaseClassSetup" name="@AfterMethod tearup" time="-1.671273383937E9">
    <skipped/>
  </testcase> <!-- @AfterMethod tearup -->
  <testcase classname="BaseClass.BaseClassSetup" name="@BeforeMethod setup" time="-1.671273383941E9">
    <skipped/>
  </testcase> <!-- @BeforeMethod setup -->
  <testcase classname="BaseClass.BaseClassSetup" name="@AfterMethod tearup" time="-1.671273383955E9">
    <skipped/>
  </testcase> <!-- @AfterMethod tearup -->
  <testcase classname="BaseClass.BaseClassSetup" name="@BeforeMethod setup" time="-1.671273383959E9">
    <skipped/>
  </testcase> <!-- @BeforeMethod setup -->
  <testcase classname="BaseClass.BaseClassSetup" name="@AfterMethod tearup" time="-1.671273383979E9">
    <skipped/>
  </testcase> <!-- @AfterMethod tearup -->
  <testcase classname="BaseClass.BaseClassSetup" name="@BeforeMethod setup" time="-1.671273383982E9">
    <skipped/>
  </testcase> <!-- @BeforeMethod setup -->
  <testcase classname="BaseClass.BaseClassSetup" name="@AfterMethod tearup" time="-1.671273383996E9">
    <skipped/>
  </testcase> <!-- @AfterMethod tearup -->
  <testcase classname="BaseClass.BaseClassSetup" name="@BeforeMethod setup" time="-1.671273383999E9">
    <skipped/>
  </testcase> <!-- @BeforeMethod setup -->
  <testcase classname="BaseClass.BaseClassSetup" name="@AfterMethod tearup" time="-1.671273384012E9">
    <skipped/>
  </testcase> <!-- @AfterMethod tearup -->
  <testcase classname="BaseClass.BaseClassSetup" name="@BeforeMethod setup" time="-1.671273384015E9">
    <skipped/>
  </testcase> <!-- @BeforeMethod setup -->
  <testcase classname="BaseClass.BaseClassSetup" name="@AfterMethod tearup" time="-1.671273384028E9">
    <skipped/>
  </testcase> <!-- @AfterMethod tearup -->
  <testcase classname="BaseClass.BaseClassSetup" name="@BeforeMethod setup" time="-1.671273384031E9">
    <skipped/>
  </testcase> <!-- @BeforeMethod setup -->
  <testcase classname="BaseClass.BaseClassSetup" name="@AfterMethod tearup" time="-1.671273384044E9">
    <skipped/>
  </testcase> <!-- @AfterMethod tearup -->
  <testcase classname="BaseClass.BaseClassSetup" name="@BeforeMethod setup" time="-1.671273384046E9">
    <skipped/>
  </testcase> <!-- @BeforeMethod setup -->
  <testcase classname="BaseClass.BaseClassSetup" name="@AfterMethod tearup" time="-1.671273384066E9">
    <skipped/>
  </testcase> <!-- @AfterMethod tearup -->
  <testcase classname="BaseClass.BaseClassSetup" name="@BeforeMethod setup" time="-1.671273384069E9">
    <skipped/>
  </testcase> <!-- @BeforeMethod setup -->
  <testcase classname="BaseClass.BaseClassSetup" name="@AfterMethod tearup" time="-1.671273384079E9">
    <skipped/>
  </testcase> <!-- @AfterMethod tearup -->
  <testcase classname="BaseClass.BaseClassSetup" name="@BeforeMethod setup" time="-1.671273384082E9">
    <skipped/>
  </testcase> <!-- @BeforeMethod setup -->
  <testcase classname="BaseClass.BaseClassSetup" name="@AfterMethod tearup" time="-1.671273384093E9">
    <skipped/>
  </testcase> <!-- @AfterMethod tearup -->
  <testcase classname="BaseClass.BaseClassSetup" name="@BeforeMethod setup" time="-1.671273384095E9">
    <skipped/>
  </testcase> <!-- @BeforeMethod setup -->
  <testcase classname="BaseClass.BaseClassSetup" name="@AfterMethod tearup" time="-1.671273384105E9">
    <skipped/>
  </testcase> <!-- @AfterMethod tearup -->
  <testcase classname="BaseClass.BaseClassSetup" name="@BeforeMethod setup" time="-1.671273384108E9">
    <skipped/>
  </testcase> <!-- @BeforeMethod setup -->
  <testcase classname="BaseClass.BaseClassSetup" name="@AfterMethod tearup" time="-1.67127338412E9">
    <skipped/>
  </testcase> <!-- @AfterMethod tearup -->
  <testcase classname="BaseClass.BaseClassSetup" name="@BeforeMethod setup" time="-1.671273384123E9">
    <skipped/>
  </testcase> <!-- @BeforeMethod setup -->
  <testcase classname="BaseClass.BaseClassSetup" name="@AfterMethod tearup" time="-1.671273384136E9">
    <skipped/>
  </testcase> <!-- @AfterMethod tearup -->
  <testcase classname="BaseClass.BaseClassSetup" name="@BeforeMethod setup" time="-1.671273384139E9">
    <skipped/>
  </testcase> <!-- @BeforeMethod setup -->
  <testcase classname="BaseClass.BaseClassSetup" name="@AfterMethod tearup" time="-1.671273384151E9">
    <skipped/>
  </testcase> <!-- @AfterMethod tearup -->
  <testcase classname="BaseClass.BaseClassSetup" name="@BeforeMethod setup" time="-1.671273384155E9">
    <skipped/>
  </testcase> <!-- @BeforeMethod setup -->
  <testcase classname="BaseClass.BaseClassSetup" name="@AfterMethod tearup" time="-1.671273384168E9">
    <skipped/>
  </testcase> <!-- @AfterMethod tearup -->
  <testcase classname="BaseClass.BaseClassSetup" name="@BeforeMethod setup" time="-1.67127338417E9">
    <skipped/>
  </testcase> <!-- @BeforeMethod setup -->
  <testcase classname="BaseClass.BaseClassSetup" name="@AfterMethod tearup" time="-1.67127338418E9">
    <skipped/>
  </testcase> <!-- @AfterMethod tearup -->
  <testcase classname="BaseClass.BaseClassSetup" name="@BeforeMethod setup" time="-1.671273384182E9">
    <skipped/>
  </testcase> <!-- @BeforeMethod setup -->
  <testcase classname="BaseClass.BaseClassSetup" name="@AfterMethod tearup" time="-1.671273384197E9">
    <skipped/>
  </testcase> <!-- @AfterMethod tearup -->
  <testcase classname="BaseClass.BaseClassSetup" name="@BeforeMethod setup" time="-1.671273384199E9">
    <skipped/>
  </testcase> <!-- @BeforeMethod setup -->
  <testcase classname="BaseClass.BaseClassSetup" name="@AfterMethod tearup" time="-1.671273384212E9">
    <skipped/>
  </testcase> <!-- @AfterMethod tearup -->
  <testcase classname="BaseClass.BaseClassSetup" name="@BeforeMethod setup" time="-1.671273384215E9">
    <skipped/>
  </testcase> <!-- @BeforeMethod setup -->
  <testcase classname="BaseClass.BaseClassSetup" name="@AfterMethod tearup" time="-1.671273384226E9">
    <skipped/>
  </testcase> <!-- @AfterMethod tearup -->
  <testcase classname="BaseClass.BaseClassSetup" name="@BeforeMethod setup" time="-1.671273384229E9">
    <skipped/>
  </testcase> <!-- @BeforeMethod setup -->
  <testcase classname="BaseClass.BaseClassSetup" name="@AfterMethod tearup" time="-1.671273384245E9">
    <skipped/>
  </testcase> <!-- @AfterMethod tearup -->
  <testcase classname="BaseClass.BaseClassSetup" name="@BeforeMethod setup" time="-1.67127338427E9">
    <skipped/>
  </testcase> <!-- @BeforeMethod setup -->
  <testcase classname="BaseClass.BaseClassSetup" name="@AfterMethod tearup" time="-1.671273384282E9">
    <skipped/>
  </testcase> <!-- @AfterMethod tearup -->
  <testcase classname="BaseClass.BaseClassSetup" name="@BeforeMethod setup" time="-1.671273384284E9">
    <skipped/>
  </testcase> <!-- @BeforeMethod setup -->
  <testcase classname="BaseClass.BaseClassSetup" name="@AfterMethod tearup" time="-1.671273384294E9">
    <skipped/>
  </testcase> <!-- @AfterMethod tearup -->
  <testcase classname="BaseClass.BaseClassSetup" name="@BeforeMethod setup" time="-1.671273384297E9">
    <skipped/>
  </testcase> <!-- @BeforeMethod setup -->
  <testcase classname="BaseClass.BaseClassSetup" name="@AfterMethod tearup" time="-1.671273384311E9">
    <skipped/>
  </testcase> <!-- @AfterMethod tearup -->
  <testcase classname="BaseClass.BaseClassSetup" name="@BeforeMethod setup" time="-1.671273384314E9">
    <skipped/>
  </testcase> <!-- @BeforeMethod setup -->
  <testcase classname="BaseClass.BaseClassSetup" name="@AfterMethod tearup" time="-1.671273384324E9">
    <skipped/>
  </testcase> <!-- @AfterMethod tearup -->
  <testcase classname="BaseClass.BaseClassSetup" name="@BeforeMethod setup" time="-1.671273384327E9">
    <skipped/>
  </testcase> <!-- @BeforeMethod setup -->
  <testcase classname="BaseClass.BaseClassSetup" name="@AfterMethod tearup" time="-1.67127338434E9">
    <skipped/>
  </testcase> <!-- @AfterMethod tearup -->
  <testcase classname="AmazonMenuTest.Amazon_Navigation_Menu_Test" name="validate_Amazon_Prime_Music_Option" time="0.246">
    <failure type="java.lang.NullPointerException" message="Cannot invoke &amp;quot;org.openqa.selenium.SearchContext.findElement(org.openqa.selenium.By)&amp;quot; because &amp;quot;this.searchContext&amp;quot; is null">
      <![CDATA[java.lang.NullPointerException: Cannot invoke "org.openqa.selenium.SearchContext.findElement(org.openqa.selenium.By)" because "this.searchContext" is null
at org.openqa.selenium.support.pagefactory.DefaultElementLocator.findElement(DefaultElementLocator.java:70)
at org.openqa.selenium.support.pagefactory.internal.LocatingElementHandler.invoke(LocatingElementHandler.java:39)
at jdk.proxy2/jdk.proxy2.$Proxy11.click(Unknown Source)
at AmazonMenuTest.Amazon_Navigation_Menu_Test.validate_Amazon_Prime_Music_Option(Amazon_Navigation_Menu_Test.java:133)
at java.base/java.util.ArrayList.forEach(ArrayList.java:1511)
... Removed 25 stack frames]]>
    </failure>
  </testcase> <!-- validate_Amazon_Prime_Music_Option -->
  <testcase classname="AmazonMenuTest.Amazon_Navigation_Menu_Test" name="validate_Amazon_Prime_Video_Option" time="0.004">
    <failure type="java.lang.NullPointerException" message="Cannot invoke &amp;quot;org.openqa.selenium.SearchContext.findElement(org.openqa.selenium.By)&amp;quot; because &amp;quot;this.searchContext&amp;quot; is null">
      <![CDATA[java.lang.NullPointerException: Cannot invoke "org.openqa.selenium.SearchContext.findElement(org.openqa.selenium.By)" because "this.searchContext" is null
at org.openqa.selenium.support.pagefactory.DefaultElementLocator.findElement(DefaultElementLocator.java:70)
at org.openqa.selenium.support.pagefactory.internal.LocatingElementHandler.invoke(LocatingElementHandler.java:39)
at jdk.proxy2/jdk.proxy2.$Proxy11.click(Unknown Source)
at AmazonMenuTest.Amazon_Navigation_Menu_Test.validate_Amazon_Prime_Video_Option(Amazon_Navigation_Menu_Test.java:125)
at java.base/java.util.ArrayList.forEach(ArrayList.java:1511)
... Removed 25 stack frames]]>
    </failure>
  </testcase> <!-- validate_Amazon_Prime_Video_Option -->
  <testcase classname="AmazonMenuTest.Amazon_Navigation_Menu_Test" name="validate_Amazon_miniTV_FREE_entertainment_Option" time="0.03">
    <failure type="java.lang.NullPointerException" message="Cannot invoke &amp;quot;org.openqa.selenium.SearchContext.findElement(org.openqa.selenium.By)&amp;quot; because &amp;quot;this.searchContext&amp;quot; is null">
      <![CDATA[java.lang.NullPointerException: Cannot invoke "org.openqa.selenium.SearchContext.findElement(org.openqa.selenium.By)" because "this.searchContext" is null
at org.openqa.selenium.support.pagefactory.DefaultElementLocator.findElement(DefaultElementLocator.java:70)
at org.openqa.selenium.support.pagefactory.internal.LocatingElementHandler.invoke(LocatingElementHandler.java:39)
at jdk.proxy2/jdk.proxy2.$Proxy11.click(Unknown Source)
at AmazonMenuTest.Amazon_Navigation_Menu_Test.validate_Amazon_miniTV_FREE_entertainment_Option(Amazon_Navigation_Menu_Test.java:85)
at java.base/java.util.ArrayList.forEach(ArrayList.java:1511)
... Removed 25 stack frames]]>
    </failure>
  </testcase> <!-- validate_Amazon_miniTV_FREE_entertainment_Option -->
  <testcase classname="AmazonMenuTest.Amazon_Navigation_Menu_Test" name="validate_Beauty_Health_Grocery_Option" time="0.0">
    <skipped/>
  </testcase> <!-- validate_Beauty_Health_Grocery_Option -->
  <testcase classname="AmazonMenuTest.Amazon_Navigation_Menu_Test" name="validate_Best_Sellers_Option" time="0.0">
    <skipped/>
  </testcase> <!-- validate_Best_Sellers_Option -->
  <testcase classname="AmazonMenuTest.Amazon_Navigation_Menu_Test" name="validate_Books_Option" time="0.0">
    <skipped/>
  </testcase> <!-- validate_Books_Option -->
  <testcase classname="AmazonMenuTest.Amazon_Navigation_Menu_Test" name="validate_Car_Motorbike_Industrial_Option" time="0.0">
    <skipped/>
  </testcase> <!-- validate_Car_Motorbike_Industrial_Option -->
  <testcase classname="AmazonMenuTest.Amazon_Navigation_Menu_Test" name="validate_Clearance_Store_Option" time="0.0">
    <skipped/>
  </testcase> <!-- validate_Clearance_Store_Option -->
  <testcase classname="AmazonMenuTest.Amazon_Navigation_Menu_Test" name="validate_Customer_Service_Option" time="0.0">
    <skipped/>
  </testcase> <!-- validate_Customer_Service_Option -->
  <testcase classname="AmazonMenuTest.Amazon_Navigation_Menu_Test" name="validate_Digital_Content_And_Devices_Option" time="0.0">
    <skipped/>
  </testcase> <!-- validate_Digital_Content_And_Devices_Option -->
  <testcase classname="AmazonMenuTest.Amazon_Navigation_Menu_Test" name="validate_Echo_and_Alexa_Option" time="0.0">
    <skipped/>
  </testcase> <!-- validate_Echo_and_Alexa_Option -->
  <testcase classname="AmazonMenuTest.Amazon_Navigation_Menu_Test" name="validate_Fire_TV_Option" time="0.0">
    <skipped/>
  </testcase> <!-- validate_Fire_TV_Option -->
  <testcase classname="AmazonMenuTest.Amazon_Navigation_Menu_Test" name="validate_Flight_Tickets_Option" time="0.0">
    <skipped/>
  </testcase> <!-- validate_Flight_Tickets_Option -->
  <testcase classname="AmazonMenuTest.Amazon_Navigation_Menu_Test" name="validate_FoundOnAmazon_Option" time="0.0">
    <skipped/>
  </testcase> <!-- validate_FoundOnAmazon_Option -->
  <testcase classname="AmazonMenuTest.Amazon_Navigation_Menu_Test" name="validate_Gift_Cards_Mobile_Recharges_Option" time="0.0">
    <skipped/>
  </testcase> <!-- validate_Gift_Cards_Mobile_Recharges_Option -->
  <testcase classname="AmazonMenuTest.Amazon_Navigation_Menu_Test" name="validate_Hello_sign_in" time="0.0">
    <skipped/>
  </testcase> <!-- validate_Hello_sign_in -->
  <testcase classname="AmazonMenuTest.Amazon_Navigation_Menu_Test" name="validate_Help_Setting_Option" time="0.0">
    <skipped/>
  </testcase> <!-- validate_Help_Setting_Option -->
  <testcase classname="AmazonMenuTest.Amazon_Navigation_Menu_Test" name="validate_Home_Kitchen_Pets_Option" time="0.0">
    <skipped/>
  </testcase> <!-- validate_Home_Kitchen_Pets_Option -->
  <testcase classname="AmazonMenuTest.Amazon_Navigation_Menu_Test" name="validate_Kindle_E_Readers_and_eBooks_Option" time="0.0">
    <skipped/>
  </testcase> <!-- validate_Kindle_E_Readers_and_eBooks_Option -->
  <testcase classname="AmazonMenuTest.Amazon_Navigation_Menu_Test" name="validate_Mens_Fashion_Option" time="0.0">
    <skipped/>
  </testcase> <!-- validate_Mens_Fashion_Option -->
  <testcase classname="AmazonMenuTest.Amazon_Navigation_Menu_Test" name="validate_Mobiles_Computers_Option" time="0.0">
    <skipped/>
  </testcase> <!-- validate_Mobiles_Computers_Option -->
  <testcase classname="AmazonMenuTest.Amazon_Navigation_Menu_Test" name="validate_Movers_and_Shakers_Option" time="0.0">
    <skipped/>
  </testcase> <!-- validate_Movers_and_Shakers_Option -->
  <testcase classname="AmazonMenuTest.Amazon_Navigation_Menu_Test" name="validate_Movies_Music_Video_Games_Option" time="0.0">
    <skipped/>
  </testcase> <!-- validate_Movies_Music_Video_Games_Option -->
  <testcase classname="AmazonMenuTest.Amazon_Navigation_Menu_Test" name="validate_New_Releases_Option" time="0.0">
    <skipped/>
  </testcase> <!-- validate_New_Releases_Option -->
  <testcase classname="AmazonMenuTest.Amazon_Navigation_Menu_Test" name="validate_Programs_Features_Option" time="0.0">
    <skipped/>
  </testcase> <!-- validate_Programs_Features_Option -->
  <testcase classname="AmazonMenuTest.Amazon_Navigation_Menu_Test" name="validate_Sign_in_Option" time="0.0">
    <skipped/>
  </testcase> <!-- validate_Sign_in_Option -->
  <testcase classname="AmazonMenuTest.Amazon_Navigation_Menu_Test" name="validate_Sports_Fitness_Bags_Luggage_Option" time="0.0">
    <skipped/>
  </testcase> <!-- validate_Sports_Fitness_Bags_Luggage_Option -->
  <testcase classname="AmazonMenuTest.Amazon_Navigation_Menu_Test" name="validate_TV_Appliances_Electronics_Option" time="0.0">
    <skipped/>
  </testcase> <!-- validate_TV_Appliances_Electronics_Option -->
  <testcase classname="AmazonMenuTest.Amazon_Navigation_Menu_Test" name="validate_Toys_Baby_Products_Kids_Fashion_Option" time="0.0">
    <skipped/>
  </testcase> <!-- validate_Toys_Baby_Products_Kids_Fashion_Option -->
  <testcase classname="AmazonMenuTest.Amazon_Navigation_Menu_Test" name="validate_Trending_Lable" time="0.0">
    <skipped/>
  </testcase> <!-- validate_Trending_Lable -->
  <testcase classname="AmazonMenuTest.Amazon_Navigation_Menu_Test" name="validate_Womens_Fashion_Option" time="0.0">
    <skipped/>
  </testcase> <!-- validate_Womens_Fashion_Option -->
  <testcase classname="AmazonMenuTest.Amazon_Navigation_Menu_Test" name="validate_Your_Account_Option" time="0.0">
    <skipped/>
  </testcase> <!-- validate_Your_Account_Option -->
  <testcase classname="AmazonMenuTest.Amazon_Navigation_Menu_Test" name="validate_audible_audiobooks_Option" time="0.0">
    <skipped/>
  </testcase> <!-- validate_audible_audiobooks_Option -->
  <testcase classname="AmazonMenuTest.Amazon_Navigation_Menu_Test" name="validate_mouse_hover_Main_Menu_Drop_Down" time="0.0">
    <skipped/>
  </testcase> <!-- validate_mouse_hover_Main_Menu_Drop_Down -->
  <testcase classname="AmazonMenuTest.Amazon_Navigation_Menu_Test" name="validate_shop_by_category_Option" time="0.0">
    <skipped/>
  </testcase> <!-- validate_shop_by_category_Option -->
  <testcase classname="AmazonMenuTest.Amazon_Navigation_Menu_Test" name="validate_the_All_Main_Menu_Drop_Down_Category" time="0.0">
    <skipped/>
  </testcase> <!-- validate_the_All_Main_Menu_Drop_Down_Category -->
</testsuite> <!-- Test -->
