<?xml version="1.0" encoding="UTF-8"?>
<!-- Generated by org.testng.reporters.JUnitReportReporter -->
<testsuite hostname="Windows-PC" failures="0" tests="37" name="AmazonMenuTest.Amazon_Navigation_Menu_Test" time="181.331" errors="4" timestamp="2022-12-17T16:06:24 IST" skipped="33">
  <testcase classname="AmazonMenuTest.Amazon_Navigation_Menu_Test" name="validate_Beauty_Health_Grocery_Option" time="22.053">
    <skipped/>
  </testcase> <!-- validate_Beauty_Health_Grocery_Option -->
  <system-out/>
  <testcase classname="AmazonMenuTest.Amazon_Navigation_Menu_Test" name="validate_Your_Account_Option" time="89.266">
    <skipped/>
  </testcase> <!-- validate_Your_Account_Option -->
  <system-out/>
  <testcase classname="AmazonMenuTest.Amazon_Navigation_Menu_Test" name="validate_Amazon_miniTV_FREE_entertainment_Option" time="29.626">
    <error message="Cannot invoke &quot;org.openqa.selenium.SearchContext.findElement(org.openqa.selenium.By)&quot; because &quot;this.searchContext&quot; is null" type="java.lang.NullPointerException">
      <![CDATA[java.lang.NullPointerException: Cannot invoke "org.openqa.selenium.SearchContext.findElement(org.openqa.selenium.By)" because "this.searchContext" is null
at org.openqa.selenium.support.pagefactory.DefaultElementLocator.findElement(DefaultElementLocator.java:70)
at org.openqa.selenium.support.pagefactory.internal.LocatingElementHandler.invoke(LocatingElementHandler.java:39)
at jdk.proxy2/jdk.proxy2.$Proxy11.click(Unknown Source)
at AmazonMenuTest.Amazon_Navigation_Menu_Test.validate_Amazon_miniTV_FREE_entertainment_Option(Amazon_Navigation_Menu_Test.java:85)
at java.base/jdk.internal.reflect.DirectMethodHandleAccessor.invoke(DirectMethodHandleAccessor.java:104)
at java.base/java.lang.reflect.Method.invoke(Method.java:577)
at org.testng.internal.MethodInvocationHelper.invokeMethod(MethodInvocationHelper.java:133)
at org.testng.internal.TestInvoker.invokeMethod(TestInvoker.java:598)
at org.testng.internal.TestInvoker.invokeTestMethod(TestInvoker.java:173)
at org.testng.internal.MethodRunner.runInSequence(MethodRunner.java:46)
at org.testng.internal.TestInvoker$MethodInvocationAgent.invoke(TestInvoker.java:824)
at org.testng.internal.TestInvoker.invokeTestMethods(TestInvoker.java:146)
at org.testng.internal.TestMethodWorker.invokeTestMethods(TestMethodWorker.java:146)
at org.testng.internal.TestMethodWorker.run(TestMethodWorker.java:128)
at java.base/java.util.ArrayList.forEach(ArrayList.java:1511)
at org.testng.TestRunner.privateRun(TestRunner.java:794)
at org.testng.TestRunner.run(TestRunner.java:596)
at org.testng.SuiteRunner.runTest(SuiteRunner.java:377)
at org.testng.SuiteRunner.runSequentially(SuiteRunner.java:371)
at org.testng.SuiteRunner.privateRun(SuiteRunner.java:332)
at org.testng.SuiteRunner.run(SuiteRunner.java:276)
at org.testng.SuiteRunnerWorker.runSuite(SuiteRunnerWorker.java:53)
at org.testng.SuiteRunnerWorker.run(SuiteRunnerWorker.java:96)
at org.testng.TestNG.runSuitesSequentially(TestNG.java:1212)
at org.testng.TestNG.runSuitesLocally(TestNG.java:1134)
at org.testng.TestNG.runSuites(TestNG.java:1063)
at org.testng.TestNG.run(TestNG.java:1031)
at org.testng.remote.AbstractRemoteTestNG.run(AbstractRemoteTestNG.java:115)
at org.testng.remote.RemoteTestNG.initAndRun(RemoteTestNG.java:251)
at org.testng.remote.RemoteTestNG.main(RemoteTestNG.java:77)
]]>
    </error>
  </testcase> <!-- validate_Amazon_miniTV_FREE_entertainment_Option -->
  <system-out/>
  <testcase classname="AmazonMenuTest.Amazon_Navigation_Menu_Test" name="validate_Flight_Tickets_Option" time="0.000">
    <skipped/>
  </testcase> <!-- validate_Flight_Tickets_Option -->
  <system-out/>
  <testcase classname="AmazonMenuTest.Amazon_Navigation_Menu_Test" name="validate_Toys_Baby_Products_Kids_Fashion_Option" time="0.000">
    <skipped/>
  </testcase> <!-- validate_Toys_Baby_Products_Kids_Fashion_Option -->
  <system-out/>
  <testcase classname="AmazonMenuTest.Amazon_Navigation_Menu_Test" name="validate_Gift_Cards_Mobile_Recharges_Option" time="0.000">
    <skipped/>
  </testcase> <!-- validate_Gift_Cards_Mobile_Recharges_Option -->
  <system-out/>
  <testcase classname="AmazonMenuTest.Amazon_Navigation_Menu_Test" name="validate_Sports_Fitness_Bags_Luggage_Option" time="0.000">
    <skipped/>
  </testcase> <!-- validate_Sports_Fitness_Bags_Luggage_Option -->
  <system-out/>
  <testcase classname="AmazonMenuTest.Amazon_Navigation_Menu_Test" name="validate_Womens_Fashion_Option" time="0.000">
    <skipped/>
  </testcase> <!-- validate_Womens_Fashion_Option -->
  <system-out/>
  <testcase classname="AmazonMenuTest.Amazon_Navigation_Menu_Test" name="validate_Customer_Service_Option" time="0.000">
    <skipped/>
  </testcase> <!-- validate_Customer_Service_Option -->
  <system-out/>
  <testcase classname="AmazonMenuTest.Amazon_Navigation_Menu_Test" name="validate_Trending_Lable" time="0.000">
    <skipped/>
  </testcase> <!-- validate_Trending_Lable -->
  <system-out/>
  <testcase classname="AmazonMenuTest.Amazon_Navigation_Menu_Test" name="validate_Fire_TV_Option" time="0.000">
    <skipped/>
  </testcase> <!-- validate_Fire_TV_Option -->
  <system-out/>
  <testcase classname="AmazonMenuTest.Amazon_Navigation_Menu_Test" name="validate_shop_by_category_Option" time="0.000">
    <skipped/>
  </testcase> <!-- validate_shop_by_category_Option -->
  <system-out/>
  <testcase classname="AmazonMenuTest.Amazon_Navigation_Menu_Test" name="validate_audible_audiobooks_Option" time="0.000">
    <skipped/>
  </testcase> <!-- validate_audible_audiobooks_Option -->
  <system-out/>
  <testcase classname="AmazonMenuTest.Amazon_Navigation_Menu_Test" name="validate_Kindle_E_Readers_and_eBooks_Option" time="0.000">
    <skipped/>
  </testcase> <!-- validate_Kindle_E_Readers_and_eBooks_Option -->
  <system-out/>
  <testcase classname="AmazonMenuTest.Amazon_Navigation_Menu_Test" name="validate_FoundOnAmazon_Option" time="0.000">
    <skipped/>
  </testcase> <!-- validate_FoundOnAmazon_Option -->
  <system-out/>
  <testcase classname="AmazonMenuTest.Amazon_Navigation_Menu_Test" name="validate_TV_Appliances_Electronics_Option" time="0.000">
    <skipped/>
  </testcase> <!-- validate_TV_Appliances_Electronics_Option -->
  <system-out/>
  <testcase classname="AmazonMenuTest.Amazon_Navigation_Menu_Test" name="setup" time="40.136">
    <error message="Error communicating with the remote browser. It may have died.
Build info: version: &#039;4.4.0&#039;, revision: &#039;e5c75ed026a&#039;
System info: host: &#039;WINDOWS-PC&#039;, ip: &#039;169.254.135.193&#039;, os.name: &#039;Windows 7&#039;, os.arch: &#039;x86&#039;, os.version: &#039;6.1&#039;, java.version: &#039;18.0.2&#039;
Driver info: org.openqa.selenium.chrome.ChromeDriver
Command: [a0dd02cb9df6ba4174b91e005a39c195, get {url=https://amazon.in}]
Capabilities {acceptInsecureCerts: false, browserName: chrome, browserVersion: 108.0.5359.124, chrome: {chromedriverVersion: 108.0.5359.71 (1e0e3868ee06..., userDataDir: C:\Users\MAINUD~1\AppData\L...}, goog:chromeOptions: {debuggerAddress: localhost:59946}, networkConnectionEnabled: false, pageLoadStrategy: normal, platformName: WINDOWS, proxy: Proxy(), se:cdp: ws://localhost:59946/devtoo..., se:cdpVersion: 108.0.5359.124, setWindowRect: true, strictFileInteractability: false, timeouts: {implicit: 0, pageLoad: 300000, script: 30000}, unhandledPromptBehavior: dismiss and notify, webauthn:extension:credBlob: true, webauthn:extension:largeBlob: true, webauthn:virtualAuthenticators: true}
Session ID: a0dd02cb9df6ba4174b91e005a39c195" type="org.openqa.selenium.remote.UnreachableBrowserException">
      <![CDATA[org.openqa.selenium.remote.UnreachableBrowserException: Error communicating with the remote browser. It may have died.
Build info: version: '4.4.0', revision: 'e5c75ed026a'
System info: host: 'WINDOWS-PC', ip: '169.254.135.193', os.name: 'Windows 7', os.arch: 'x86', os.version: '6.1', java.version: '18.0.2'
Driver info: org.openqa.selenium.chrome.ChromeDriver
Command: [a0dd02cb9df6ba4174b91e005a39c195, get {url=https://amazon.in}]
Capabilities {acceptInsecureCerts: false, browserName: chrome, browserVersion: 108.0.5359.124, chrome: {chromedriverVersion: 108.0.5359.71 (1e0e3868ee06..., userDataDir: C:\Users\MAINUD~1\AppData\L...}, goog:chromeOptions: {debuggerAddress: localhost:59946}, networkConnectionEnabled: false, pageLoadStrategy: normal, platformName: WINDOWS, proxy: Proxy(), se:cdp: ws://localhost:59946/devtoo..., se:cdpVersion: 108.0.5359.124, setWindowRect: true, strictFileInteractability: false, timeouts: {implicit: 0, pageLoad: 300000, script: 30000}, unhandledPromptBehavior: dismiss and notify, webauthn:extension:credBlob: true, webauthn:extension:largeBlob: true, webauthn:virtualAuthenticators: true}
Session ID: a0dd02cb9df6ba4174b91e005a39c195
at org.openqa.selenium.remote.RemoteWebDriver.execute(RemoteWebDriver.java:571)
at org.openqa.selenium.remote.RemoteWebDriver.get(RemoteWebDriver.java:310)
at BaseClass.BaseClassSetup.setup(BaseClassSetup.java:30)
at java.base/jdk.internal.reflect.DirectMethodHandleAccessor.invoke(DirectMethodHandleAccessor.java:104)
at java.base/java.lang.reflect.Method.invoke(Method.java:577)
at org.testng.internal.MethodInvocationHelper.invokeMethod(MethodInvocationHelper.java:133)
at org.testng.internal.MethodInvocationHelper.invokeMethodConsideringTimeout(MethodInvocationHelper.java:62)
at org.testng.internal.ConfigInvoker.invokeConfigurationMethod(ConfigInvoker.java:385)
at org.testng.internal.ConfigInvoker.invokeConfigurations(ConfigInvoker.java:321)
at org.testng.internal.TestInvoker.runConfigMethods(TestInvoker.java:700)
at org.testng.internal.TestInvoker.invokeMethod(TestInvoker.java:527)
at org.testng.internal.TestInvoker.invokeTestMethod(TestInvoker.java:173)
at org.testng.internal.MethodRunner.runInSequence(MethodRunner.java:46)
at org.testng.internal.TestInvoker$MethodInvocationAgent.invoke(TestInvoker.java:824)
at org.testng.internal.TestInvoker.invokeTestMethods(TestInvoker.java:146)
at org.testng.internal.TestMethodWorker.invokeTestMethods(TestMethodWorker.java:146)
at org.testng.internal.TestMethodWorker.run(TestMethodWorker.java:128)
at java.base/java.util.ArrayList.forEach(ArrayList.java:1511)
at org.testng.TestRunner.privateRun(TestRunner.java:794)
at org.testng.TestRunner.run(TestRunner.java:596)
at org.testng.SuiteRunner.runTest(SuiteRunner.java:377)
at org.testng.SuiteRunner.runSequentially(SuiteRunner.java:371)
at org.testng.SuiteRunner.privateRun(SuiteRunner.java:332)
at org.testng.SuiteRunner.run(SuiteRunner.java:276)
at org.testng.SuiteRunnerWorker.runSuite(SuiteRunnerWorker.java:53)
at org.testng.SuiteRunnerWorker.run(SuiteRunnerWorker.java:96)
at org.testng.TestNG.runSuitesSequentially(TestNG.java:1212)
at org.testng.TestNG.runSuitesLocally(TestNG.java:1134)
at org.testng.TestNG.runSuites(TestNG.java:1063)
at org.testng.TestNG.run(TestNG.java:1031)
at org.testng.remote.AbstractRemoteTestNG.run(AbstractRemoteTestNG.java:115)
at org.testng.remote.RemoteTestNG.initAndRun(RemoteTestNG.java:251)
at org.testng.remote.RemoteTestNG.main(RemoteTestNG.java:77)
Caused by: java.io.UncheckedIOException: java.net.SocketException: Connection reset
at org.openqa.selenium.remote.http.netty.NettyHttpHandler.makeCall(NettyHttpHandler.java:73)
at org.openqa.selenium.remote.http.AddSeleniumUserAgent.lambda$apply$0(AddSeleniumUserAgent.java:42)
at org.openqa.selenium.remote.http.Filter.lambda$andFinally$1(Filter.java:56)
at org.openqa.selenium.remote.http.netty.NettyHttpHandler.execute(NettyHttpHandler.java:49)
at org.openqa.selenium.remote.http.AddSeleniumUserAgent.lambda$apply$0(AddSeleniumUserAgent.java:42)
at org.openqa.selenium.remote.http.Filter.lambda$andFinally$1(Filter.java:56)
at org.openqa.selenium.remote.http.netty.NettyClient.execute(NettyClient.java:98)
at org.openqa.selenium.remote.HttpCommandExecutor.execute(HttpCommandExecutor.java:181)
at org.openqa.selenium.remote.service.DriverCommandExecutor.invokeExecute(DriverCommandExecutor.java:167)
at org.openqa.selenium.remote.service.DriverCommandExecutor.execute(DriverCommandExecutor.java:142)
at org.openqa.selenium.remote.RemoteWebDriver.execute(RemoteWebDriver.java:547)
... 32 more
Caused by: java.net.SocketException: Connection reset
at java.base/sun.nio.ch.SocketChannelImpl.throwConnectionReset(SocketChannelImpl.java:394)
at java.base/sun.nio.ch.SocketChannelImpl.read(SocketChannelImpl.java:426)
at io.netty.buffer.PooledByteBuf.setBytes(PooledByteBuf.java:258)
at io.netty.buffer.AbstractByteBuf.writeBytes(AbstractByteBuf.java:1132)
at io.netty.channel.socket.nio.NioSocketChannel.doReadBytes(NioSocketChannel.java:357)
at io.netty.channel.nio.AbstractNioByteChannel$NioByteUnsafe.read(AbstractNioByteChannel.java:151)
at io.netty.channel.nio.NioEventLoop.processSelectedKey(NioEventLoop.java:722)
at io.netty.channel.nio.NioEventLoop.processSelectedKeysOptimized(NioEventLoop.java:658)
at io.netty.channel.nio.NioEventLoop.processSelectedKeys(NioEventLoop.java:584)
at io.netty.channel.nio.NioEventLoop.run(NioEventLoop.java:496)
at io.netty.util.concurrent.SingleThreadEventExecutor$4.run(SingleThreadEventExecutor.java:997)
at io.netty.util.internal.ThreadExecutorMap$2.run(ThreadExecutorMap.java:74)
at io.netty.util.concurrent.FastThreadLocalRunnable.run(FastThreadLocalRunnable.java:30)
at java.base/java.lang.Thread.run(Thread.java:833)
]]>
    </error>
  </testcase> <!-- setup -->
  <system-out/>
  <testcase classname="AmazonMenuTest.Amazon_Navigation_Menu_Test" name="validate_Mobiles_Computers_Option" time="0.000">
    <skipped/>
  </testcase> <!-- validate_Mobiles_Computers_Option -->
  <system-out/>
  <testcase classname="AmazonMenuTest.Amazon_Navigation_Menu_Test" name="validate_Digital_Content_And_Devices_Option" time="0.000">
    <skipped/>
  </testcase> <!-- validate_Digital_Content_And_Devices_Option -->
  <system-out/>
  <testcase classname="AmazonMenuTest.Amazon_Navigation_Menu_Test" name="validate_the_All_Main_Menu_Drop_Down_Category" time="0.000">
    <skipped/>
  </testcase> <!-- validate_the_All_Main_Menu_Drop_Down_Category -->
  <system-out/>
  <testcase classname="AmazonMenuTest.Amazon_Navigation_Menu_Test" name="validate_Amazon_Prime_Music_Option" time="0.246">
    <error message="Cannot invoke &quot;org.openqa.selenium.SearchContext.findElement(org.openqa.selenium.By)&quot; because &quot;this.searchContext&quot; is null" type="java.lang.NullPointerException">
      <![CDATA[java.lang.NullPointerException: Cannot invoke "org.openqa.selenium.SearchContext.findElement(org.openqa.selenium.By)" because "this.searchContext" is null
at org.openqa.selenium.support.pagefactory.DefaultElementLocator.findElement(DefaultElementLocator.java:70)
at org.openqa.selenium.support.pagefactory.internal.LocatingElementHandler.invoke(LocatingElementHandler.java:39)
at jdk.proxy2/jdk.proxy2.$Proxy11.click(Unknown Source)
at AmazonMenuTest.Amazon_Navigation_Menu_Test.validate_Amazon_Prime_Music_Option(Amazon_Navigation_Menu_Test.java:133)
at java.base/jdk.internal.reflect.DirectMethodHandleAccessor.invoke(DirectMethodHandleAccessor.java:104)
at java.base/java.lang.reflect.Method.invoke(Method.java:577)
at org.testng.internal.MethodInvocationHelper.invokeMethod(MethodInvocationHelper.java:133)
at org.testng.internal.TestInvoker.invokeMethod(TestInvoker.java:598)
at org.testng.internal.TestInvoker.invokeTestMethod(TestInvoker.java:173)
at org.testng.internal.MethodRunner.runInSequence(MethodRunner.java:46)
at org.testng.internal.TestInvoker$MethodInvocationAgent.invoke(TestInvoker.java:824)
at org.testng.internal.TestInvoker.invokeTestMethods(TestInvoker.java:146)
at org.testng.internal.TestMethodWorker.invokeTestMethods(TestMethodWorker.java:146)
at org.testng.internal.TestMethodWorker.run(TestMethodWorker.java:128)
at java.base/java.util.ArrayList.forEach(ArrayList.java:1511)
at org.testng.TestRunner.privateRun(TestRunner.java:794)
at org.testng.TestRunner.run(TestRunner.java:596)
at org.testng.SuiteRunner.runTest(SuiteRunner.java:377)
at org.testng.SuiteRunner.runSequentially(SuiteRunner.java:371)
at org.testng.SuiteRunner.privateRun(SuiteRunner.java:332)
at org.testng.SuiteRunner.run(SuiteRunner.java:276)
at org.testng.SuiteRunnerWorker.runSuite(SuiteRunnerWorker.java:53)
at org.testng.SuiteRunnerWorker.run(SuiteRunnerWorker.java:96)
at org.testng.TestNG.runSuitesSequentially(TestNG.java:1212)
at org.testng.TestNG.runSuitesLocally(TestNG.java:1134)
at org.testng.TestNG.runSuites(TestNG.java:1063)
at org.testng.TestNG.run(TestNG.java:1031)
at org.testng.remote.AbstractRemoteTestNG.run(AbstractRemoteTestNG.java:115)
at org.testng.remote.RemoteTestNG.initAndRun(RemoteTestNG.java:251)
at org.testng.remote.RemoteTestNG.main(RemoteTestNG.java:77)
]]>
    </error>
  </testcase> <!-- validate_Amazon_Prime_Music_Option -->
  <system-out/>
  <testcase classname="AmazonMenuTest.Amazon_Navigation_Menu_Test" name="validate_Movies_Music_Video_Games_Option" time="0.000">
    <skipped/>
  </testcase> <!-- validate_Movies_Music_Video_Games_Option -->
  <system-out/>
  <testcase classname="AmazonMenuTest.Amazon_Navigation_Menu_Test" name="validate_Sign_in_Option" time="0.000">
    <skipped/>
  </testcase> <!-- validate_Sign_in_Option -->
  <system-out/>
  <testcase classname="AmazonMenuTest.Amazon_Navigation_Menu_Test" name="validate_Echo_and_Alexa_Option" time="0.000">
    <skipped/>
  </testcase> <!-- validate_Echo_and_Alexa_Option -->
  <system-out/>
  <testcase classname="AmazonMenuTest.Amazon_Navigation_Menu_Test" name="validate_Home_Kitchen_Pets_Option" time="0.000">
    <skipped/>
  </testcase> <!-- validate_Home_Kitchen_Pets_Option -->
  <system-out/>
  <testcase classname="AmazonMenuTest.Amazon_Navigation_Menu_Test" name="validate_Hello_sign_in" time="0.000">
    <skipped/>
  </testcase> <!-- validate_Hello_sign_in -->
  <system-out/>
  <testcase classname="AmazonMenuTest.Amazon_Navigation_Menu_Test" name="validate_New_Releases_Option" time="0.000">
    <skipped/>
  </testcase> <!-- validate_New_Releases_Option -->
  <system-out/>
  <testcase classname="AmazonMenuTest.Amazon_Navigation_Menu_Test" name="validate_Movers_and_Shakers_Option" time="0.000">
    <skipped/>
  </testcase> <!-- validate_Movers_and_Shakers_Option -->
  <system-out/>
  <testcase classname="AmazonMenuTest.Amazon_Navigation_Menu_Test" name="validate_Programs_Features_Option" time="0.000">
    <skipped/>
  </testcase> <!-- validate_Programs_Features_Option -->
  <system-out/>
  <testcase classname="AmazonMenuTest.Amazon_Navigation_Menu_Test" name="validate_mouse_hover_Main_Menu_Drop_Down" time="0.000">
    <skipped/>
  </testcase> <!-- validate_mouse_hover_Main_Menu_Drop_Down -->
  <system-out/>
  <testcase classname="AmazonMenuTest.Amazon_Navigation_Menu_Test" name="validate_Books_Option" time="0.000">
    <skipped/>
  </testcase> <!-- validate_Books_Option -->
  <system-out/>
  <testcase classname="AmazonMenuTest.Amazon_Navigation_Menu_Test" name="validate_Mens_Fashion_Option" time="0.000">
    <skipped/>
  </testcase> <!-- validate_Mens_Fashion_Option -->
  <system-out/>
  <testcase classname="AmazonMenuTest.Amazon_Navigation_Menu_Test" name="validate_Help_Setting_Option" time="0.000">
    <skipped/>
  </testcase> <!-- validate_Help_Setting_Option -->
  <system-out/>
  <testcase classname="AmazonMenuTest.Amazon_Navigation_Menu_Test" name="validate_Best_Sellers_Option" time="0.000">
    <skipped/>
  </testcase> <!-- validate_Best_Sellers_Option -->
  <system-out/>
  <testcase classname="AmazonMenuTest.Amazon_Navigation_Menu_Test" name="validate_Car_Motorbike_Industrial_Option" time="0.000">
    <skipped/>
  </testcase> <!-- validate_Car_Motorbike_Industrial_Option -->
  <system-out/>
  <testcase classname="AmazonMenuTest.Amazon_Navigation_Menu_Test" name="validate_Amazon_Prime_Video_Option" time="0.004">
    <error message="Cannot invoke &quot;org.openqa.selenium.SearchContext.findElement(org.openqa.selenium.By)&quot; because &quot;this.searchContext&quot; is null" type="java.lang.NullPointerException">
      <![CDATA[java.lang.NullPointerException: Cannot invoke "org.openqa.selenium.SearchContext.findElement(org.openqa.selenium.By)" because "this.searchContext" is null
at org.openqa.selenium.support.pagefactory.DefaultElementLocator.findElement(DefaultElementLocator.java:70)
at org.openqa.selenium.support.pagefactory.internal.LocatingElementHandler.invoke(LocatingElementHandler.java:39)
at jdk.proxy2/jdk.proxy2.$Proxy11.click(Unknown Source)
at AmazonMenuTest.Amazon_Navigation_Menu_Test.validate_Amazon_Prime_Video_Option(Amazon_Navigation_Menu_Test.java:125)
at java.base/jdk.internal.reflect.DirectMethodHandleAccessor.invoke(DirectMethodHandleAccessor.java:104)
at java.base/java.lang.reflect.Method.invoke(Method.java:577)
at org.testng.internal.MethodInvocationHelper.invokeMethod(MethodInvocationHelper.java:133)
at org.testng.internal.TestInvoker.invokeMethod(TestInvoker.java:598)
at org.testng.internal.TestInvoker.invokeTestMethod(TestInvoker.java:173)
at org.testng.internal.MethodRunner.runInSequence(MethodRunner.java:46)
at org.testng.internal.TestInvoker$MethodInvocationAgent.invoke(TestInvoker.java:824)
at org.testng.internal.TestInvoker.invokeTestMethods(TestInvoker.java:146)
at org.testng.internal.TestMethodWorker.invokeTestMethods(TestMethodWorker.java:146)
at org.testng.internal.TestMethodWorker.run(TestMethodWorker.java:128)
at java.base/java.util.ArrayList.forEach(ArrayList.java:1511)
at org.testng.TestRunner.privateRun(TestRunner.java:794)
at org.testng.TestRunner.run(TestRunner.java:596)
at org.testng.SuiteRunner.runTest(SuiteRunner.java:377)
at org.testng.SuiteRunner.runSequentially(SuiteRunner.java:371)
at org.testng.SuiteRunner.privateRun(SuiteRunner.java:332)
at org.testng.SuiteRunner.run(SuiteRunner.java:276)
at org.testng.SuiteRunnerWorker.runSuite(SuiteRunnerWorker.java:53)
at org.testng.SuiteRunnerWorker.run(SuiteRunnerWorker.java:96)
at org.testng.TestNG.runSuitesSequentially(TestNG.java:1212)
at org.testng.TestNG.runSuitesLocally(TestNG.java:1134)
at org.testng.TestNG.runSuites(TestNG.java:1063)
at org.testng.TestNG.run(TestNG.java:1031)
at org.testng.remote.AbstractRemoteTestNG.run(AbstractRemoteTestNG.java:115)
at org.testng.remote.RemoteTestNG.initAndRun(RemoteTestNG.java:251)
at org.testng.remote.RemoteTestNG.main(RemoteTestNG.java:77)
]]>
    </error>
  </testcase> <!-- validate_Amazon_Prime_Video_Option -->
  <system-out/>
  <testcase classname="AmazonMenuTest.Amazon_Navigation_Menu_Test" name="validate_Clearance_Store_Option" time="0.000">
    <skipped/>
  </testcase> <!-- validate_Clearance_Store_Option -->
  <system-out/>
</testsuite> <!-- AmazonMenuTest.Amazon_Navigation_Menu_Test -->
